<?xml version="1.0" encoding="UTF-8"?>
<testsuite name="SumCalculatorTest" tests="3" skipped="0" failures="0" errors="0" timestamp="2025-02-02T12:36:38" hostname="LAPTOP" time="0.041">
  <properties/>
  <testcase name="testSumWithOne()" classname="SumCalculatorTest" time="0.03"/>
  <testcase name="testSumWithZeroThrowsException()" classname="SumCalculatorTest" time="0.004"/>
  <testcase name="testSumWithThree()" classname="SumCalculatorTest" time="0.002"/>
  <system-out><![CDATA[]]></system-out>
  <system-err><![CDATA[]]></system-err>
</testsuite>
